<?xml version="1.0" encoding="UTF-8"?>
<testng-results ignored="0" total="1" passed="1" failed="0" skipped="0">
  <reporter-output>
  </reporter-output>
  <suite started-at="2022-10-19T10:01:23 EDT" name="Push Suite" finished-at="2022-10-19T10:02:09 EDT" duration-ms="46293">
    <groups>
    </groups>
    <test started-at="2022-10-19T10:01:23 EDT" name="Auto" finished-at="2022-10-19T10:02:09 EDT" duration-ms="46293">
      <class name="Push.Login">
        <test-method signature="Sanity(java.lang.String,java.lang.String,java.lang.String)[pri:0, instance:Push.Login@76c3e77a]" started-at="2022-10-19T10:01:23 EDT" name="Sanity" finished-at="2022-10-19T10:02:09 EDT" duration-ms="46243" status="PASS">
          <params>
            <param index="0">
              <value>
                <![CDATA[https://scoop.stg.nyt.net/ui/console/app/dashboard/standard]]>
              </value>
            </param>
            <param index="1">
              <value>
                <![CDATA[pavan.konathala@nytimes.com]]>
              </value>
            </param>
            <param index="2">
              <value>
                <![CDATA[September@929420]]>
              </value>
            </param>
          </params>
          <reporter-output>
          </reporter-output>
        </test-method> <!-- Sanity -->
      </class> <!-- Push.Login -->
    </test> <!-- Auto -->
  </suite> <!-- Push Suite -->
</testng-results>
